<?xml version="1.0" encoding="UTF-8"?>
<testsuite xmlns:xsi="http://www.w3.org/2001/XMLSchema-instance" xsi:noNamespaceSchemaLocation="https://maven.apache.org/surefire/maven-surefire-plugin/xsd/surefire-test-report-3.0.xsd" version="3.0" name="test.java.CalculatorTest" time="0.097" tests="4" errors="0" skipped="0" failures="0">
  <properties>
[...]
</properties>
  <testcase name="testSub" classname="test.java.CalculatorTest" time="0.055"/>
  <testcase name="testSum" classname="test.java.CalculatorTest" time="0.001"/>
  <testcase name="divi" classname="test.java.CalculatorTest" time="0.002"/>
  <testcase name="multi" classname="test.java.CalculatorTest" time="0.002"/>
</testsuite>